<?xml version="1.0" encoding="UTF-8"?>
<testng-results ignored="0" total="7" passed="7" failed="0" skipped="0">
  <reporter-output>
  </reporter-output>
  <suite started-at="2022-09-26T15:35:14 WIB" name="Default suite" finished-at="2022-09-26T15:35:15 WIB" duration-ms="1136">
    <groups>
      <group name="cucumber">
        <method signature="AbstractTestNGCucumberTests.runScenario(io.cucumber.testng.PickleWrapper, io.cucumber.testng.FeatureWrapper)[pri:0, instance:runner.RunnerFilesTestNG@647fd8ce]" name="runScenario" class="io.cucumber.testng.AbstractTestNGCucumberTests"/>
      </group> <!-- cucumber -->
    </groups>
    <test started-at="2022-09-26T15:35:14 WIB" name="Default test" finished-at="2022-09-26T15:35:15 WIB" duration-ms="1136">
      <class name="runner.RunnerFilesTestNG">
        <test-method is-config="true" signature="setUpClass()[pri:0, instance:runner.RunnerFilesTestNG@647fd8ce]" started-at="2022-09-26T15:35:14 WIB" name="setUpClass" finished-at="2022-09-26T15:35:15 WIB" duration-ms="705" status="PASS">
          <reporter-output>
          </reporter-output>
        </test-method> <!-- setUpClass -->
        <test-method signature="runScenario(io.cucumber.testng.PickleWrapper, io.cucumber.testng.FeatureWrapper)[pri:0, instance:runner.RunnerFilesTestNG@647fd8ce]" started-at="2022-09-26T15:35:15 WIB" name="runScenario" description="Runs Cucumber Scenarios" data-provider="scenarios" finished-at="2022-09-26T15:35:15 WIB" duration-ms="264" status="PASS">
          <params>
            <param index="0">
              <value>
                <![CDATA["Validate String Palindrome"]]>
              </value>
            </param>
            <param index="1">
              <value>
                <![CDATA["String Palindrome"]]>
              </value>
            </param>
          </params>
          <reporter-output>
          </reporter-output>
        </test-method> <!-- runScenario -->
        <test-method signature="runScenario(io.cucumber.testng.PickleWrapper, io.cucumber.testng.FeatureWrapper)[pri:0, instance:runner.RunnerFilesTestNG@647fd8ce]" started-at="2022-09-26T15:35:15 WIB" name="runScenario" description="Runs Cucumber Scenarios" data-provider="scenarios" finished-at="2022-09-26T15:35:15 WIB" duration-ms="11" status="PASS">
          <params>
            <param index="0">
              <value>
                <![CDATA["Validate String Palindrome"]]>
              </value>
            </param>
            <param index="1">
              <value>
                <![CDATA["String Palindrome"]]>
              </value>
            </param>
          </params>
          <reporter-output>
          </reporter-output>
        </test-method> <!-- runScenario -->
        <test-method signature="runScenario(io.cucumber.testng.PickleWrapper, io.cucumber.testng.FeatureWrapper)[pri:0, instance:runner.RunnerFilesTestNG@647fd8ce]" started-at="2022-09-26T15:35:15 WIB" name="runScenario" description="Runs Cucumber Scenarios" data-provider="scenarios" finished-at="2022-09-26T15:35:15 WIB" duration-ms="5" status="PASS">
          <params>
            <param index="0">
              <value>
                <![CDATA["Validate String Palindrome"]]>
              </value>
            </param>
            <param index="1">
              <value>
                <![CDATA["String Palindrome"]]>
              </value>
            </param>
          </params>
          <reporter-output>
          </reporter-output>
        </test-method> <!-- runScenario -->
        <test-method signature="runScenario(io.cucumber.testng.PickleWrapper, io.cucumber.testng.FeatureWrapper)[pri:0, instance:runner.RunnerFilesTestNG@647fd8ce]" started-at="2022-09-26T15:35:15 WIB" name="runScenario" description="Runs Cucumber Scenarios" data-provider="scenarios" finished-at="2022-09-26T15:35:15 WIB" duration-ms="6" status="PASS">
          <params>
            <param index="0">
              <value>
                <![CDATA["Validate String Palindrome"]]>
              </value>
            </param>
            <param index="1">
              <value>
                <![CDATA["String Palindrome"]]>
              </value>
            </param>
          </params>
          <reporter-output>
          </reporter-output>
        </test-method> <!-- runScenario -->
        <test-method signature="runScenario(io.cucumber.testng.PickleWrapper, io.cucumber.testng.FeatureWrapper)[pri:0, instance:runner.RunnerFilesTestNG@647fd8ce]" started-at="2022-09-26T15:35:15 WIB" name="runScenario" description="Runs Cucumber Scenarios" data-provider="scenarios" finished-at="2022-09-26T15:35:15 WIB" duration-ms="5" status="PASS">
          <params>
            <param index="0">
              <value>
                <![CDATA["Validate String Palindrome"]]>
              </value>
            </param>
            <param index="1">
              <value>
                <![CDATA["String Palindrome"]]>
              </value>
            </param>
          </params>
          <reporter-output>
          </reporter-output>
        </test-method> <!-- runScenario -->
        <test-method signature="runScenario(io.cucumber.testng.PickleWrapper, io.cucumber.testng.FeatureWrapper)[pri:0, instance:runner.RunnerFilesTestNG@647fd8ce]" started-at="2022-09-26T15:35:15 WIB" name="runScenario" description="Runs Cucumber Scenarios" data-provider="scenarios" finished-at="2022-09-26T15:35:15 WIB" duration-ms="5" status="PASS">
          <params>
            <param index="0">
              <value>
                <![CDATA["Validate String Palindrome"]]>
              </value>
            </param>
            <param index="1">
              <value>
                <![CDATA["String Palindrome"]]>
              </value>
            </param>
          </params>
          <reporter-output>
          </reporter-output>
        </test-method> <!-- runScenario -->
        <test-method signature="runScenario(io.cucumber.testng.PickleWrapper, io.cucumber.testng.FeatureWrapper)[pri:0, instance:runner.RunnerFilesTestNG@647fd8ce]" started-at="2022-09-26T15:35:15 WIB" name="runScenario" description="Runs Cucumber Scenarios" data-provider="scenarios" finished-at="2022-09-26T15:35:15 WIB" duration-ms="5" status="PASS">
          <params>
            <param index="0">
              <value>
                <![CDATA["Validate String Palindrome"]]>
              </value>
            </param>
            <param index="1">
              <value>
                <![CDATA["String Palindrome"]]>
              </value>
            </param>
          </params>
          <reporter-output>
          </reporter-output>
        </test-method> <!-- runScenario -->
        <test-method is-config="true" signature="tearDownClass()[pri:0, instance:runner.RunnerFilesTestNG@647fd8ce]" started-at="2022-09-26T15:35:15 WIB" name="tearDownClass" finished-at="2022-09-26T15:35:15 WIB" duration-ms="3" status="PASS">
          <reporter-output>
          </reporter-output>
        </test-method> <!-- tearDownClass -->
      </class> <!-- runner.RunnerFilesTestNG -->
    </test> <!-- Default test -->
  </suite> <!-- Default suite -->
</testng-results>
